<?xml version="1.0" encoding="UTF-8" ?>
<testsuite tests="1" failures="0" name="com.algorithms.queue.test.QueueTest" time="0" errors="0" skipped="0">
  <properties>
    <property name="jansi.mode" value="force"/>
    <property name="java.runtime.name" value="Java(TM) SE Runtime Environment"/>
    <property name="java.vm.version" value="17.0.6+9-LTS-190"/>
    <property name="sun.boot.library.path" value="C:\Users\sigma\scoop\apps\oraclejdk-lts\current\bin"/>
    <property name="user.country.format" value="KR"/>
    <property name="maven.multiModuleProjectDirectory" value="C:\Users\sigma\works\algorithms-with-tdd"/>
    <property name="java.vm.vendor" value="Oracle Corporation"/>
    <property name="java.vendor.url" value="https://java.oracle.com/"/>
    <property name="guice.disable.misplaced.annotation.check" value="true"/>
    <property name="path.separator" value=";"/>
    <property name="java.vm.name" value="Java HotSpot(TM) 64-Bit Server VM"/>
    <property name="sun.os.patch.level" value=""/>
    <property name="user.script" value=""/>
    <property name="user.country" value="US"/>
    <property name="sun.java.launcher" value="SUN_STANDARD"/>
    <property name="java.vm.specification.name" value="Java Virtual Machine Specification"/>
    <property name="user.dir" value="C:\Users\sigma\works\algorithms-with-tdd"/>
    <property name="java.vm.compressedOopsMode" value="Zero based"/>
    <property name="java.runtime.version" value="17.0.6+9-LTS-190"/>
    <property name="os.arch" value="amd64"/>
    <property name="java.io.tmpdir" value="C:\Users\sigma\AppData\Local\Temp\"/>
    <property name="line.separator" value="
"/>
    <property name="java.vm.specification.vendor" value="Oracle Corporation"/>
    <property name="user.variant" value=""/>
    <property name="os.name" value="Windows 11"/>
    <property name="classworlds.conf" value="C:\Users\sigma\works\.metadata\.plugins\org.eclipse.m2e.launching\launches\m2conf14660374595672394325.tmp"/>
    <property name="sun.jnu.encoding" value="MS949"/>
    <property name="java.library.path" value="C:\Users\sigma\scoop\apps\oraclejdk-lts\current\bin;C:\Windows\Sun\Java\bin;C:\Windows\system32;C:\Windows;D:/sd/Desktop/eclipse//plugins/org.eclipse.justj.openjdk.hotspot.jre.full.win32.x86_64_17.0.6.v20230204-1729/jre/bin/server;D:/sd/Desktop/eclipse//plugins/org.eclipse.justj.openjdk.hotspot.jre.full.win32.x86_64_17.0.6.v20230204-1729/jre/bin;C:\Program Files\Microsoft\jdk-11.0.16.101-hotspot\bin;C:\Program Files\NVIDIA GPU Computing Toolkit\CUDA\v11.8\bin;C:\Program Files\NVIDIA GPU Computing Toolkit\CUDA\v11.8\libnvvp;C:\Windows\system32;C:\Windows;C:\Windows\System32\Wbem;C:\Windows\System32\WindowsPowerShell\v1.0\;C:\Windows\System32\OpenSSH\;C:\Program Files\Bandizip\;C:\Program Files (x86)\NVIDIA Corporation\PhysX\Common;C:\Program Files\Microsoft SQL Server\150\Tools\Binn\;C:\Program Files\Microsoft SQL Server\Client SDK\ODBC\170\Tools\Binn\;C:\Program Files\MATLAB\R2022b\bin;C:\Program Files\NVIDIA Corporation\Nsight Compute 2022.3.0\;C:\Program Files\dotnet\;C:\Program Files\Docker\Docker\resources\bin;C:\Users\sigma\scoop\apps\oraclejdk-lts\current\bin;C:\Users\sigma\scoop\apps\nodejs\current\bin;C:\Users\sigma\scoop\apps\nodejs\current;C:\Users\sigma\scoop\apps\python310\current\Scripts;C:\Users\sigma\scoop\apps\python310\current;C:\Users\sigma\go\bin;C:\Users\sigma\scoop\apps\ghostscript\current\lib;C:\Users\sigma\scoop\shims;C:\Users\sigma\AppData\Local\Microsoft\WindowsApps;C:\Users\sigma\AppData\Local\Programs\Microsoft VS Code\bin;C:\Users\sigma\.dotnet\tools;C:\Users\sigma\AppData\Local\gitkraken\bin;C:\Users\sigma\AppData\Local\JetBrains\Toolbox\scripts;C:\Users\sigma\.dotnet\tools;C:\Users\sigma\.dotnet\tools;C:\Users\sigma\.dotnet\tools;C:\Users\sigma\.dotnet\tools;C:\Users\sigma\.dotnet\tools;C:\texlive\2023\bin\windows;D:\sd\Desktop\eclipse;;."/>
    <property name="jdk.debug" value="release"/>
    <property name="java.class.version" value="61.0"/>
    <property name="java.specification.name" value="Java Platform API Specification"/>
    <property name="sun.management.compiler" value="HotSpot 64-Bit Tiered Compilers"/>
    <property name="os.version" value="10.0"/>
    <property name="user.home" value="C:\Users\sigma"/>
    <property name="user.timezone" value="Asia/Seoul"/>
    <property name="file.encoding" value="UTF-8"/>
    <property name="java.specification.version" value="17"/>
    <property name="user.name" value="sigma"/>
    <property name="java.class.path" value="D:\sd\Desktop\eclipse\plugins\org.eclipse.m2e.maven.runtime_3.8.701.20230209-1606\jars\plexus-classworlds-2.6.0.jar"/>
    <property name="java.vm.specification.version" value="17"/>
    <property name="sun.arch.data.model" value="64"/>
    <property name="sun.java.command" value="org.codehaus.plexus.classworlds.launcher.Launcher -B -Dstyle.color=always test"/>
    <property name="java.home" value="C:\Users\sigma\scoop\apps\oraclejdk-lts\current"/>
    <property name="user.language" value="en"/>
    <property name="java.specification.vendor" value="Oracle Corporation"/>
    <property name="user.language.format" value="ko"/>
    <property name="java.vm.info" value="mixed mode, sharing"/>
    <property name="java.version" value="17.0.6"/>
    <property name="native.encoding" value="MS949"/>
    <property name="java.vendor" value="Oracle Corporation"/>
    <property name="maven.home" value="C:\Users\sigma\works\algorithms-with-tdd\EMBEDDED"/>
    <property name="style.color" value="always"/>
    <property name="file.separator" value="\"/>
    <property name="java.version.date" value="2023-01-17"/>
    <property name="java.vendor.url.bug" value="https://bugreport.java.com/bugreport/"/>
    <property name="sun.io.unicode.encoding" value="UnicodeLittle"/>
    <property name="sun.cpu.endian" value="little"/>
    <property name="m2e.build.project.data.socket.port" value="7224"/>
    <property name="sun.cpu.isalist" value="amd64"/>
  </properties>
  <testcase classname="com.algorithms.queue.test.QueueTest" name="testSize" time="0"/>
</testsuite>